[12:53:20] [ServerMain/INFO]: Environment: Environment[sessionHost=https://sessionserver.mojang.com, servicesHost=https://api.minecraftservices.com, profilesHost=https://api.mojang.com, name=PROD]
[12:53:22] [ServerMain/INFO]: Loaded 1461 recipes
[12:53:22] [ServerMain/INFO]: Loaded 1574 advancements
[12:53:23] [Server thread/INFO]: Starting minecraft server version 1.21.10
[12:53:23] [Server thread/INFO]: Loading properties
[12:53:23] [Server thread/INFO]: Default game type: SURVIVAL
[12:53:23] [Server thread/INFO]: Generating keypair
[12:53:23] [Server thread/INFO]: Starting Minecraft server on *:25565
[12:53:23] [Server thread/INFO]: Using default channel type
[12:53:23] [Server thread/WARN]: **** SERVER IS RUNNING IN OFFLINE/INSECURE MODE!
[12:53:23] [Server thread/WARN]: The server will make no attempt to authenticate usernames. Beware.
[12:53:23] [Server thread/WARN]: While this makes the game possible to play without internet access, it also opens up the ability for hackers to connect with any username they choose.
[12:53:23] [Server thread/WARN]: To change this, set "online-mode" to "true" in the server.properties file.
[12:53:23] [Server thread/INFO]: Preparing level "world"
[12:53:23] [Server thread/INFO]: Loading 0 persistent chunks...
[12:53:23] [Server thread/INFO]: Preparing spawn area: 100%
[12:53:23] [Server thread/INFO]: Time elapsed: 23 ms
[12:53:23] [Server thread/INFO]: Done (0.491s)! For help, type "help"
[12:54:01] [Server thread/INFO]: Stopping the server
[12:54:01] [Server thread/INFO]: Stopping server
[12:54:01] [Server thread/INFO]: Saving players
[12:54:01] [Server thread/INFO]: Saving worlds
[12:54:01] [Server thread/INFO]: Saving chunks for level 'ServerLevel[world]'/minecraft:overworld
[12:54:01] [Server thread/INFO]: Saving chunks for level 'ServerLevel[world]'/minecraft:the_nether
[12:54:01] [Server thread/INFO]: Saving chunks for level 'ServerLevel[world]'/minecraft:the_end
[12:54:01] [Server thread/INFO]: ThreadedAnvilChunkStorage (world): All chunks are saved
[12:54:01] [Server thread/INFO]: ThreadedAnvilChunkStorage (DIM-1): All chunks are saved
[12:54:01] [Server thread/INFO]: ThreadedAnvilChunkStorage (DIM1): All chunks are saved
[12:54:01] [Server thread/INFO]: ThreadedAnvilChunkStorage: All dimensions are saved
